2024-01-01T03:59:12.513Z [Modules] Modules initializing
2024-01-01T03:59:12.513Z [Modules] Distribution: remote
2024-01-01T03:59:12.514Z [Modules] Host updates: enabled
2024-01-01T03:59:12.514Z [Modules] Module updates: enabled
2024-01-01T03:59:12.514Z [Modules] Module install path: /home/jesse/.config/discord/0.0.39/modules
2024-01-01T03:59:12.514Z [Modules] Module installed file path: /home/jesse/.config/discord/0.0.39/modules/installed.json
2024-01-01T03:59:12.514Z [Modules] Module download path: /home/jesse/.config/discord/0.0.39/modules/pending
2024-01-01T03:59:12.682Z [Modules] Bootstrapping...
2024-01-01T03:59:12.683Z [Modules] Installing discord_desktop_core@0 from /opt/discord/resources/bootstrap/discord_desktop_core.zip
2024-01-01T03:59:12.686Z [Modules] Failed installing discord_desktop_core@0: Error: ENOENT: no such file or directory, open '/opt/discord/resources/bootstrap/discord_desktop_core.zip'
2024-01-01T03:59:12.687Z [Modules] Installing discord_erlpack@0 from /opt/discord/resources/bootstrap/discord_erlpack.zip
2024-01-01T03:59:12.688Z [Modules] Failed installing discord_erlpack@0: Error: ENOENT: no such file or directory, open '/opt/discord/resources/bootstrap/discord_erlpack.zip'
2024-01-01T03:59:12.688Z [Modules] Installing discord_spellcheck@0 from /opt/discord/resources/bootstrap/discord_spellcheck.zip
2024-01-01T03:59:12.689Z [Modules] Failed installing discord_spellcheck@0: Error: ENOENT: no such file or directory, open '/opt/discord/resources/bootstrap/discord_spellcheck.zip'
2024-01-01T03:59:12.689Z [Modules] Installing discord_utils@0 from /opt/discord/resources/bootstrap/discord_utils.zip
2024-01-01T03:59:12.690Z [Modules] Failed installing discord_utils@0: Error: ENOENT: no such file or directory, open '/opt/discord/resources/bootstrap/discord_utils.zip'
2024-01-01T03:59:12.690Z [Modules] Installing discord_voice@0 from /opt/discord/resources/bootstrap/discord_voice.zip
2024-01-01T03:59:12.691Z [Modules] Failed installing discord_voice@0: Error: ENOENT: no such file or directory, open '/opt/discord/resources/bootstrap/discord_voice.zip'
2024-01-01T03:59:12.691Z [Modules] Finished module installations. [success: 0] [failure: 5]
2024-01-01T03:59:12.692Z [Modules] Checking for host updates.
2024-01-01T03:59:12.974Z [Modules] Host is up to date.
2024-01-01T03:59:12.976Z [Modules] Checking for module updates at https://discord.com/api/modules/stable/versions.json
2024-01-01T03:59:13.084Z [Modules] Module update available: discord_desktop_core@1 [installed: 0]
2024-01-01T03:59:13.085Z [Modules] Module update available: discord_erlpack@1 [installed: 0]
2024-01-01T03:59:13.085Z [Modules] Module update available: discord_spellcheck@1 [installed: 0]
2024-01-01T03:59:13.085Z [Modules] Module update available: discord_utils@1 [installed: 0]
2024-01-01T03:59:13.085Z [Modules] Module update available: discord_voice@1 [installed: 0]
2024-01-01T03:59:13.087Z [Modules] Fetching discord_desktop_core@1 from https://discord.com/api/modules/stable/discord_desktop_core/1
2024-01-01T03:59:13.088Z [Modules] Streaming discord_desktop_core@1 to /home/jesse/.config/discord/0.0.39/modules/pending/discord_desktop_core-1.zip
2024-01-01T03:59:13.410Z [Modules] Streaming discord_desktop_core@1 to /home/jesse/.config/discord/0.0.39/modules/pending/discord_desktop_core-1.zip: 1%
2024-01-01T03:59:13.426Z [Modules] Streaming discord_desktop_core@1 to /home/jesse/.config/discord/0.0.39/modules/pending/discord_desktop_core-1.zip: 2%
2024-01-01T03:59:13.441Z [Modules] Streaming discord_desktop_core@1 to /home/jesse/.config/discord/0.0.39/modules/pending/discord_desktop_core-1.zip: 3%
2024-01-01T03:59:13.449Z [Modules] Streaming discord_desktop_core@1 to /home/jesse/.config/discord/0.0.39/modules/pending/discord_desktop_core-1.zip: 4%
2024-01-01T03:59:13.465Z [Modules] Streaming discord_desktop_core@1 to /home/jesse/.config/discord/0.0.39/modules/pending/discord_desktop_core-1.zip: 5%
2024-01-01T03:59:13.469Z [Modules] Streaming discord_desktop_core@1 to /home/jesse/.config/discord/0.0.39/modules/pending/discord_desktop_core-1.zip: 6%
2024-01-01T03:59:13.471Z [Modules] Streaming discord_desktop_core@1 to /home/jesse/.config/discord/0.0.39/modules/pending/discord_desktop_core-1.zip: 7%
2024-01-01T03:59:13.474Z [Modules] Streaming discord_desktop_core@1 to /home/jesse/.config/discord/0.0.39/modules/pending/discord_desktop_core-1.zip: 8%
2024-01-01T03:59:13.485Z [Modules] Streaming discord_desktop_core@1 to /home/jesse/.config/discord/0.0.39/modules/pending/discord_desktop_core-1.zip: 9%
2024-01-01T03:59:13.490Z [Modules] Streaming discord_desktop_core@1 to /home/jesse/.config/discord/0.0.39/modules/pending/discord_desktop_core-1.zip: 10%
2024-01-01T03:59:13.493Z [Modules] Streaming discord_desktop_core@1 to /home/jesse/.config/discord/0.0.39/modules/pending/discord_desktop_core-1.zip: 11%
2024-01-01T03:59:13.496Z [Modules] Streaming discord_desktop_core@1 to /home/jesse/.config/discord/0.0.39/modules/pending/discord_desktop_core-1.zip: 12%
2024-01-01T03:59:13.500Z [Modules] Streaming discord_desktop_core@1 to /home/jesse/.config/discord/0.0.39/modules/pending/discord_desktop_core-1.zip: 13%
2024-01-01T03:59:13.504Z [Modules] Streaming discord_desktop_core@1 to /home/jesse/.config/discord/0.0.39/modules/pending/discord_desktop_core-1.zip: 14%
2024-01-01T03:59:13.512Z [Modules] Streaming discord_desktop_core@1 to /home/jesse/.config/discord/0.0.39/modules/pending/discord_desktop_core-1.zip: 17%
2024-01-01T03:59:13.522Z [Modules] Streaming discord_desktop_core@1 to /home/jesse/.config/discord/0.0.39/modules/pending/discord_desktop_core-1.zip: 18%
2024-01-01T03:59:13.525Z [Modules] Streaming discord_desktop_core@1 to /home/jesse/.config/discord/0.0.39/modules/pending/discord_desktop_core-1.zip: 21%
2024-01-01T03:59:13.528Z [Modules] Streaming discord_desktop_core@1 to /home/jesse/.config/discord/0.0.39/modules/pending/discord_desktop_core-1.zip: 24%
2024-01-01T03:59:13.541Z [Modules] Streaming discord_desktop_core@1 to /home/jesse/.config/discord/0.0.39/modules/pending/discord_desktop_core-1.zip: 25%
2024-01-01T03:59:13.547Z [Modules] Streaming discord_desktop_core@1 to /home/jesse/.config/discord/0.0.39/modules/pending/discord_desktop_core-1.zip: 28%
2024-01-01T03:59:13.550Z [Modules] Streaming discord_desktop_core@1 to /home/jesse/.config/discord/0.0.39/modules/pending/discord_desktop_core-1.zip: 31%
2024-01-01T03:59:13.554Z [Modules] Streaming discord_desktop_core@1 to /home/jesse/.config/discord/0.0.39/modules/pending/discord_desktop_core-1.zip: 34%
2024-01-01T03:59:13.557Z [Modules] Streaming discord_desktop_core@1 to /home/jesse/.config/discord/0.0.39/modules/pending/discord_desktop_core-1.zip: 38%
2024-01-01T03:59:13.561Z [Modules] Streaming discord_desktop_core@1 to /home/jesse/.config/discord/0.0.39/modules/pending/discord_desktop_core-1.zip: 40%
2024-01-01T03:59:13.565Z [Modules] Streaming discord_desktop_core@1 to /home/jesse/.config/discord/0.0.39/modules/pending/discord_desktop_core-1.zip: 42%
2024-01-01T03:59:13.573Z [Modules] Streaming discord_desktop_core@1 to /home/jesse/.config/discord/0.0.39/modules/pending/discord_desktop_core-1.zip: 45%
2024-01-01T03:59:13.576Z [Modules] Streaming discord_desktop_core@1 to /home/jesse/.config/discord/0.0.39/modules/pending/discord_desktop_core-1.zip: 48%
2024-01-01T03:59:13.587Z [Modules] Streaming discord_desktop_core@1 to /home/jesse/.config/discord/0.0.39/modules/pending/discord_desktop_core-1.zip: 51%
2024-01-01T03:59:13.593Z [Modules] Streaming discord_desktop_core@1 to /home/jesse/.config/discord/0.0.39/modules/pending/discord_desktop_core-1.zip: 54%
2024-01-01T03:59:13.594Z [Modules] Streaming discord_desktop_core@1 to /home/jesse/.config/discord/0.0.39/modules/pending/discord_desktop_core-1.zip: 55%
2024-01-01T03:59:13.601Z [Modules] Streaming discord_desktop_core@1 to /home/jesse/.config/discord/0.0.39/modules/pending/discord_desktop_core-1.zip: 58%
2024-01-01T03:59:13.601Z [Modules] Streaming discord_desktop_core@1 to /home/jesse/.config/discord/0.0.39/modules/pending/discord_desktop_core-1.zip: 60%
2024-01-01T03:59:13.613Z [Modules] Streaming discord_desktop_core@1 to /home/jesse/.config/discord/0.0.39/modules/pending/discord_desktop_core-1.zip: 63%
2024-01-01T03:59:13.615Z [Modules] Streaming discord_desktop_core@1 to /home/jesse/.config/discord/0.0.39/modules/pending/discord_desktop_core-1.zip: 64%
2024-01-01T03:59:13.618Z [Modules] Streaming discord_desktop_core@1 to /home/jesse/.config/discord/0.0.39/modules/pending/discord_desktop_core-1.zip: 71%
2024-01-01T03:59:13.620Z [Modules] Streaming discord_desktop_core@1 to /home/jesse/.config/discord/0.0.39/modules/pending/discord_desktop_core-1.zip: 74%
2024-01-01T03:59:13.621Z [Modules] Streaming discord_desktop_core@1 to /home/jesse/.config/discord/0.0.39/modules/pending/discord_desktop_core-1.zip: 77%
2024-01-01T03:59:13.636Z [Modules] Streaming discord_desktop_core@1 to /home/jesse/.config/discord/0.0.39/modules/pending/discord_desktop_core-1.zip: 78%
2024-01-01T03:59:13.641Z [Modules] Streaming discord_desktop_core@1 to /home/jesse/.config/discord/0.0.39/modules/pending/discord_desktop_core-1.zip: 80%
2024-01-01T03:59:13.644Z [Modules] Streaming discord_desktop_core@1 to /home/jesse/.config/discord/0.0.39/modules/pending/discord_desktop_core-1.zip: 83%
2024-01-01T03:59:13.653Z [Modules] Streaming discord_desktop_core@1 to /home/jesse/.config/discord/0.0.39/modules/pending/discord_desktop_core-1.zip: 86%
2024-01-01T03:59:13.654Z [Modules] Streaming discord_desktop_core@1 to /home/jesse/.config/discord/0.0.39/modules/pending/discord_desktop_core-1.zip: 91%
2024-01-01T03:59:13.657Z [Modules] Streaming discord_desktop_core@1 to /home/jesse/.config/discord/0.0.39/modules/pending/discord_desktop_core-1.zip: 94%
2024-01-01T03:59:13.658Z [Modules] Streaming discord_desktop_core@1 to /home/jesse/.config/discord/0.0.39/modules/pending/discord_desktop_core-1.zip: 95%
2024-01-01T03:59:13.659Z [Modules] Streaming discord_desktop_core@1 to /home/jesse/.config/discord/0.0.39/modules/pending/discord_desktop_core-1.zip: 100%
2024-01-01T03:59:13.662Z [Modules] Fetching discord_erlpack@1 from https://discord.com/api/modules/stable/discord_erlpack/1
2024-01-01T03:59:13.662Z [Modules] Streaming discord_erlpack@1 to /home/jesse/.config/discord/0.0.39/modules/pending/discord_erlpack-1.zip
2024-01-01T03:59:13.800Z [Modules] Streaming discord_erlpack@1 to /home/jesse/.config/discord/0.0.39/modules/pending/discord_erlpack-1.zip: 3%
2024-01-01T03:59:13.811Z [Modules] Streaming discord_erlpack@1 to /home/jesse/.config/discord/0.0.39/modules/pending/discord_erlpack-1.zip: 6%
2024-01-01T03:59:13.820Z [Modules] Streaming discord_erlpack@1 to /home/jesse/.config/discord/0.0.39/modules/pending/discord_erlpack-1.zip: 7%
2024-01-01T03:59:13.823Z [Modules] Streaming discord_erlpack@1 to /home/jesse/.config/discord/0.0.39/modules/pending/discord_erlpack-1.zip: 17%
2024-01-01T03:59:13.825Z [Modules] Streaming discord_erlpack@1 to /home/jesse/.config/discord/0.0.39/modules/pending/discord_erlpack-1.zip: 29%
2024-01-01T03:59:13.828Z [Modules] Streaming discord_erlpack@1 to /home/jesse/.config/discord/0.0.39/modules/pending/discord_erlpack-1.zip: 33%
2024-01-01T03:59:13.832Z [Modules] Streaming discord_erlpack@1 to /home/jesse/.config/discord/0.0.39/modules/pending/discord_erlpack-1.zip: 35%
2024-01-01T03:59:13.836Z [Modules] Streaming discord_erlpack@1 to /home/jesse/.config/discord/0.0.39/modules/pending/discord_erlpack-1.zip: 37%
2024-01-01T03:59:13.845Z [Modules] Streaming discord_erlpack@1 to /home/jesse/.config/discord/0.0.39/modules/pending/discord_erlpack-1.zip: 41%
2024-01-01T03:59:13.856Z [Modules] Streaming discord_erlpack@1 to /home/jesse/.config/discord/0.0.39/modules/pending/discord_erlpack-1.zip: 44%
2024-01-01T03:59:13.859Z [Modules] Streaming discord_erlpack@1 to /home/jesse/.config/discord/0.0.39/modules/pending/discord_erlpack-1.zip: 46%
2024-01-01T03:59:13.865Z [Modules] Streaming discord_erlpack@1 to /home/jesse/.config/discord/0.0.39/modules/pending/discord_erlpack-1.zip: 49%
2024-01-01T03:59:13.868Z [Modules] Streaming discord_erlpack@1 to /home/jesse/.config/discord/0.0.39/modules/pending/discord_erlpack-1.zip: 51%
2024-01-01T03:59:13.873Z [Modules] Streaming discord_erlpack@1 to /home/jesse/.config/discord/0.0.39/modules/pending/discord_erlpack-1.zip: 54%
2024-01-01T03:59:13.875Z [Modules] Streaming discord_erlpack@1 to /home/jesse/.config/discord/0.0.39/modules/pending/discord_erlpack-1.zip: 55%
2024-01-01T03:59:13.884Z [Modules] Streaming discord_erlpack@1 to /home/jesse/.config/discord/0.0.39/modules/pending/discord_erlpack-1.zip: 59%
2024-01-01T03:59:13.887Z [Modules] Streaming discord_erlpack@1 to /home/jesse/.config/discord/0.0.39/modules/pending/discord_erlpack-1.zip: 64%
2024-01-01T03:59:13.892Z [Modules] Streaming discord_erlpack@1 to /home/jesse/.config/discord/0.0.39/modules/pending/discord_erlpack-1.zip: 67%
2024-01-01T03:59:13.894Z [Modules] Streaming discord_erlpack@1 to /home/jesse/.config/discord/0.0.39/modules/pending/discord_erlpack-1.zip: 70%
2024-01-01T03:59:13.903Z [Modules] Streaming discord_erlpack@1 to /home/jesse/.config/discord/0.0.39/modules/pending/discord_erlpack-1.zip: 73%
2024-01-01T03:59:13.906Z [Modules] Streaming discord_erlpack@1 to /home/jesse/.config/discord/0.0.39/modules/pending/discord_erlpack-1.zip: 76%
2024-01-01T03:59:13.910Z [Modules] Streaming discord_erlpack@1 to /home/jesse/.config/discord/0.0.39/modules/pending/discord_erlpack-1.zip: 79%
2024-01-01T03:59:13.914Z [Modules] Streaming discord_erlpack@1 to /home/jesse/.config/discord/0.0.39/modules/pending/discord_erlpack-1.zip: 88%
2024-01-01T03:59:13.919Z [Modules] Streaming discord_erlpack@1 to /home/jesse/.config/discord/0.0.39/modules/pending/discord_erlpack-1.zip: 96%
2024-01-01T03:59:13.923Z [Modules] Streaming discord_erlpack@1 to /home/jesse/.config/discord/0.0.39/modules/pending/discord_erlpack-1.zip: 100%
2024-01-01T03:59:13.928Z [Modules] Fetching discord_spellcheck@1 from https://discord.com/api/modules/stable/discord_spellcheck/1
2024-01-01T03:59:13.928Z [Modules] Streaming discord_spellcheck@1 to /home/jesse/.config/discord/0.0.39/modules/pending/discord_spellcheck-1.zip
2024-01-01T03:59:14.100Z [Modules] Streaming discord_spellcheck@1 to /home/jesse/.config/discord/0.0.39/modules/pending/discord_spellcheck-1.zip: 1%
2024-01-01T03:59:14.105Z [Modules] Streaming discord_spellcheck@1 to /home/jesse/.config/discord/0.0.39/modules/pending/discord_spellcheck-1.zip: 2%
2024-01-01T03:59:14.109Z [Modules] Streaming discord_spellcheck@1 to /home/jesse/.config/discord/0.0.39/modules/pending/discord_spellcheck-1.zip: 3%
2024-01-01T03:59:14.113Z [Modules] Streaming discord_spellcheck@1 to /home/jesse/.config/discord/0.0.39/modules/pending/discord_spellcheck-1.zip: 4%
2024-01-01T03:59:14.118Z [Modules] Streaming discord_spellcheck@1 to /home/jesse/.config/discord/0.0.39/modules/pending/discord_spellcheck-1.zip: 6%
2024-01-01T03:59:14.127Z [Modules] Streaming discord_spellcheck@1 to /home/jesse/.config/discord/0.0.39/modules/pending/discord_spellcheck-1.zip: 7%
2024-01-01T03:59:14.131Z [Modules] Streaming discord_spellcheck@1 to /home/jesse/.config/discord/0.0.39/modules/pending/discord_spellcheck-1.zip: 8%
2024-01-01T03:59:14.140Z [Modules] Streaming discord_spellcheck@1 to /home/jesse/.config/discord/0.0.39/modules/pending/discord_spellcheck-1.zip: 9%
2024-01-01T03:59:14.142Z [Modules] Streaming discord_spellcheck@1 to /home/jesse/.config/discord/0.0.39/modules/pending/discord_spellcheck-1.zip: 10%
2024-01-01T03:59:14.159Z [Modules] Streaming discord_spellcheck@1 to /home/jesse/.config/discord/0.0.39/modules/pending/discord_spellcheck-1.zip: 11%
2024-01-01T03:59:14.163Z [Modules] Streaming discord_spellcheck@1 to /home/jesse/.config/discord/0.0.39/modules/pending/discord_spellcheck-1.zip: 12%
2024-01-01T03:59:14.168Z [Modules] Streaming discord_spellcheck@1 to /home/jesse/.config/discord/0.0.39/modules/pending/discord_spellcheck-1.zip: 13%
2024-01-01T03:59:14.172Z [Modules] Streaming discord_spellcheck@1 to /home/jesse/.config/discord/0.0.39/modules/pending/discord_spellcheck-1.zip: 15%
2024-01-01T03:59:14.176Z [Modules] Streaming discord_spellcheck@1 to /home/jesse/.config/discord/0.0.39/modules/pending/discord_spellcheck-1.zip: 16%
2024-01-01T03:59:14.185Z [Modules] Streaming discord_spellcheck@1 to /home/jesse/.config/discord/0.0.39/modules/pending/discord_spellcheck-1.zip: 17%
2024-01-01T03:59:14.192Z [Modules] Streaming discord_spellcheck@1 to /home/jesse/.config/discord/0.0.39/modules/pending/discord_spellcheck-1.zip: 18%
2024-01-01T03:59:14.270Z [Modules] Streaming discord_spellcheck@1 to /home/jesse/.config/discord/0.0.39/modules/pending/discord_spellcheck-1.zip: 19%
2024-01-01T03:59:14.277Z [Modules] Streaming discord_spellcheck@1 to /home/jesse/.config/discord/0.0.39/modules/pending/discord_spellcheck-1.zip: 20%
2024-01-01T03:59:14.284Z [Modules] Streaming discord_spellcheck@1 to /home/jesse/.config/discord/0.0.39/modules/pending/discord_spellcheck-1.zip: 21%
2024-01-01T03:59:14.288Z [Modules] Streaming discord_spellcheck@1 to /home/jesse/.config/discord/0.0.39/modules/pending/discord_spellcheck-1.zip: 22%
2024-01-01T03:59:14.294Z [Modules] Streaming discord_spellcheck@1 to /home/jesse/.config/discord/0.0.39/modules/pending/discord_spellcheck-1.zip: 23%
2024-01-01T03:59:14.301Z [Modules] Streaming discord_spellcheck@1 to /home/jesse/.config/discord/0.0.39/modules/pending/discord_spellcheck-1.zip: 24%
2024-01-01T03:59:14.305Z [Modules] Streaming discord_spellcheck@1 to /home/jesse/.config/discord/0.0.39/modules/pending/discord_spellcheck-1.zip: 25%
2024-01-01T03:59:14.314Z [Modules] Streaming discord_spellcheck@1 to /home/jesse/.config/discord/0.0.39/modules/pending/discord_spellcheck-1.zip: 26%
2024-01-01T03:59:14.323Z [Modules] Streaming discord_spellcheck@1 to /home/jesse/.config/discord/0.0.39/modules/pending/discord_spellcheck-1.zip: 27%
2024-01-01T03:59:14.326Z [Modules] Streaming discord_spellcheck@1 to /home/jesse/.config/discord/0.0.39/modules/pending/discord_spellcheck-1.zip: 28%
2024-01-01T03:59:14.330Z [Modules] Streaming discord_spellcheck@1 to /home/jesse/.config/discord/0.0.39/modules/pending/discord_spellcheck-1.zip: 29%
2024-01-01T03:59:14.335Z [Modules] Streaming discord_spellcheck@1 to /home/jesse/.config/discord/0.0.39/modules/pending/discord_spellcheck-1.zip: 30%
2024-01-01T03:59:14.338Z [Modules] Streaming discord_spellcheck@1 to /home/jesse/.config/discord/0.0.39/modules/pending/discord_spellcheck-1.zip: 32%
2024-01-01T03:59:14.343Z [Modules] Streaming discord_spellcheck@1 to /home/jesse/.config/discord/0.0.39/modules/pending/discord_spellcheck-1.zip: 33%
2024-01-01T03:59:14.353Z [Modules] Streaming discord_spellcheck@1 to /home/jesse/.config/discord/0.0.39/modules/pending/discord_spellcheck-1.zip: 34%
2024-01-01T03:59:14.358Z [Modules] Streaming discord_spellcheck@1 to /home/jesse/.config/discord/0.0.39/modules/pending/discord_spellcheck-1.zip: 35%
2024-01-01T03:59:14.361Z [Modules] Streaming discord_spellcheck@1 to /home/jesse/.config/discord/0.0.39/modules/pending/discord_spellcheck-1.zip: 36%
2024-01-01T03:59:14.377Z [Modules] Streaming discord_spellcheck@1 to /home/jesse/.config/discord/0.0.39/modules/pending/discord_spellcheck-1.zip: 37%
2024-01-01T03:59:14.384Z [Modules] Streaming discord_spellcheck@1 to /home/jesse/.config/discord/0.0.39/modules/pending/discord_spellcheck-1.zip: 38%
2024-01-01T03:59:14.391Z [Modules] Streaming discord_spellcheck@1 to /home/jesse/.config/discord/0.0.39/modules/pending/discord_spellcheck-1.zip: 39%
2024-01-01T03:59:14.398Z [Modules] Streaming discord_spellcheck@1 to /home/jesse/.config/discord/0.0.39/modules/pending/discord_spellcheck-1.zip: 40%
2024-01-01T03:59:14.403Z [Modules] Streaming discord_spellcheck@1 to /home/jesse/.config/discord/0.0.39/modules/pending/discord_spellcheck-1.zip: 41%
2024-01-01T03:59:14.407Z [Modules] Streaming discord_spellcheck@1 to /home/jesse/.config/discord/0.0.39/modules/pending/discord_spellcheck-1.zip: 43%
2024-01-01T03:59:14.411Z [Modules] Streaming discord_spellcheck@1 to /home/jesse/.config/discord/0.0.39/modules/pending/discord_spellcheck-1.zip: 44%
2024-01-01T03:59:14.415Z [Modules] Streaming discord_spellcheck@1 to /home/jesse/.config/discord/0.0.39/modules/pending/discord_spellcheck-1.zip: 45%
2024-01-01T03:59:14.420Z [Modules] Streaming discord_spellcheck@1 to /home/jesse/.config/discord/0.0.39/modules/pending/discord_spellcheck-1.zip: 46%
2024-01-01T03:59:14.429Z [Modules] Streaming discord_spellcheck@1 to /home/jesse/.config/discord/0.0.39/modules/pending/discord_spellcheck-1.zip: 47%
2024-01-01T03:59:14.460Z [Modules] Streaming discord_spellcheck@1 to /home/jesse/.config/discord/0.0.39/modules/pending/discord_spellcheck-1.zip: 48%
2024-01-01T03:59:14.464Z [Modules] Streaming discord_spellcheck@1 to /home/jesse/.config/discord/0.0.39/modules/pending/discord_spellcheck-1.zip: 49%
2024-01-01T03:59:14.491Z [Modules] Streaming discord_spellcheck@1 to /home/jesse/.config/discord/0.0.39/modules/pending/discord_spellcheck-1.zip: 50%
2024-01-01T03:59:14.494Z [Modules] Streaming discord_spellcheck@1 to /home/jesse/.config/discord/0.0.39/modules/pending/discord_spellcheck-1.zip: 51%
2024-01-01T03:59:14.499Z [Modules] Streaming discord_spellcheck@1 to /home/jesse/.config/discord/0.0.39/modules/pending/discord_spellcheck-1.zip: 53%
2024-01-01T03:59:14.504Z [Modules] Streaming discord_spellcheck@1 to /home/jesse/.config/discord/0.0.39/modules/pending/discord_spellcheck-1.zip: 54%
2024-01-01T03:59:14.508Z [Modules] Streaming discord_spellcheck@1 to /home/jesse/.config/discord/0.0.39/modules/pending/discord_spellcheck-1.zip: 56%
2024-01-01T03:59:14.511Z [Modules] Streaming discord_spellcheck@1 to /home/jesse/.config/discord/0.0.39/modules/pending/discord_spellcheck-1.zip: 57%
2024-01-01T03:59:14.516Z [Modules] Streaming discord_spellcheck@1 to /home/jesse/.config/discord/0.0.39/modules/pending/discord_spellcheck-1.zip: 60%
2024-01-01T03:59:14.546Z [Modules] Streaming discord_spellcheck@1 to /home/jesse/.config/discord/0.0.39/modules/pending/discord_spellcheck-1.zip: 61%
2024-01-01T03:59:14.563Z [Modules] Streaming discord_spellcheck@1 to /home/jesse/.config/discord/0.0.39/modules/pending/discord_spellcheck-1.zip: 62%
2024-01-01T03:59:14.568Z [Modules] Streaming discord_spellcheck@1 to /home/jesse/.config/discord/0.0.39/modules/pending/discord_spellcheck-1.zip: 63%
2024-01-01T03:59:14.573Z [Modules] Streaming discord_spellcheck@1 to /home/jesse/.config/discord/0.0.39/modules/pending/discord_spellcheck-1.zip: 65%
2024-01-01T03:59:14.577Z [Modules] Streaming discord_spellcheck@1 to /home/jesse/.config/discord/0.0.39/modules/pending/discord_spellcheck-1.zip: 66%
2024-01-01T03:59:14.581Z [Modules] Streaming discord_spellcheck@1 to /home/jesse/.config/discord/0.0.39/modules/pending/discord_spellcheck-1.zip: 67%
2024-01-01T03:59:14.594Z [Modules] Streaming discord_spellcheck@1 to /home/jesse/.config/discord/0.0.39/modules/pending/discord_spellcheck-1.zip: 68%
2024-01-01T03:59:14.598Z [Modules] Streaming discord_spellcheck@1 to /home/jesse/.config/discord/0.0.39/modules/pending/discord_spellcheck-1.zip: 69%
2024-01-01T03:59:14.609Z [Modules] Streaming discord_spellcheck@1 to /home/jesse/.config/discord/0.0.39/modules/pending/discord_spellcheck-1.zip: 70%
2024-01-01T03:59:14.613Z [Modules] Streaming discord_spellcheck@1 to /home/jesse/.config/discord/0.0.39/modules/pending/discord_spellcheck-1.zip: 71%
2024-01-01T03:59:14.620Z [Modules] Streaming discord_spellcheck@1 to /home/jesse/.config/discord/0.0.39/modules/pending/discord_spellcheck-1.zip: 72%
2024-01-01T03:59:14.622Z [Modules] Streaming discord_spellcheck@1 to /home/jesse/.config/discord/0.0.39/modules/pending/discord_spellcheck-1.zip: 73%
2024-01-01T03:59:14.626Z [Modules] Streaming discord_spellcheck@1 to /home/jesse/.config/discord/0.0.39/modules/pending/discord_spellcheck-1.zip: 74%
2024-01-01T03:59:14.632Z [Modules] Streaming discord_spellcheck@1 to /home/jesse/.config/discord/0.0.39/modules/pending/discord_spellcheck-1.zip: 75%
2024-01-01T03:59:14.637Z [Modules] Streaming discord_spellcheck@1 to /home/jesse/.config/discord/0.0.39/modules/pending/discord_spellcheck-1.zip: 77%
2024-01-01T03:59:14.640Z [Modules] Streaming discord_spellcheck@1 to /home/jesse/.config/discord/0.0.39/modules/pending/discord_spellcheck-1.zip: 78%
2024-01-01T03:59:14.644Z [Modules] Streaming discord_spellcheck@1 to /home/jesse/.config/discord/0.0.39/modules/pending/discord_spellcheck-1.zip: 79%
2024-01-01T03:59:14.657Z [Modules] Streaming discord_spellcheck@1 to /home/jesse/.config/discord/0.0.39/modules/pending/discord_spellcheck-1.zip: 80%
2024-01-01T03:59:14.667Z [Modules] Streaming discord_spellcheck@1 to /home/jesse/.config/discord/0.0.39/modules/pending/discord_spellcheck-1.zip: 81%
2024-01-01T03:59:14.686Z [Modules] Streaming discord_spellcheck@1 to /home/jesse/.config/discord/0.0.39/modules/pending/discord_spellcheck-1.zip: 82%
2024-01-01T03:59:14.691Z [Modules] Streaming discord_spellcheck@1 to /home/jesse/.config/discord/0.0.39/modules/pending/discord_spellcheck-1.zip: 84%
2024-01-01T03:59:14.704Z [Modules] Streaming discord_spellcheck@1 to /home/jesse/.config/discord/0.0.39/modules/pending/discord_spellcheck-1.zip: 85%
2024-01-01T03:59:14.707Z [Modules] Streaming discord_spellcheck@1 to /home/jesse/.config/discord/0.0.39/modules/pending/discord_spellcheck-1.zip: 86%
2024-01-01T03:59:14.714Z [Modules] Streaming discord_spellcheck@1 to /home/jesse/.config/discord/0.0.39/modules/pending/discord_spellcheck-1.zip: 87%
2024-01-01T03:59:14.720Z [Modules] Streaming discord_spellcheck@1 to /home/jesse/.config/discord/0.0.39/modules/pending/discord_spellcheck-1.zip: 88%
2024-01-01T03:59:14.739Z [Modules] Streaming discord_spellcheck@1 to /home/jesse/.config/discord/0.0.39/modules/pending/discord_spellcheck-1.zip: 89%
2024-01-01T03:59:14.741Z [Modules] Streaming discord_spellcheck@1 to /home/jesse/.config/discord/0.0.39/modules/pending/discord_spellcheck-1.zip: 90%
2024-01-01T03:59:14.759Z [Modules] Streaming discord_spellcheck@1 to /home/jesse/.config/discord/0.0.39/modules/pending/discord_spellcheck-1.zip: 91%
2024-01-01T03:59:14.762Z [Modules] Streaming discord_spellcheck@1 to /home/jesse/.config/discord/0.0.39/modules/pending/discord_spellcheck-1.zip: 92%
2024-01-01T03:59:14.765Z [Modules] Streaming discord_spellcheck@1 to /home/jesse/.config/discord/0.0.39/modules/pending/discord_spellcheck-1.zip: 94%
2024-01-01T03:59:14.774Z [Modules] Streaming discord_spellcheck@1 to /home/jesse/.config/discord/0.0.39/modules/pending/discord_spellcheck-1.zip: 97%
2024-01-01T03:59:14.777Z [Modules] Streaming discord_spellcheck@1 to /home/jesse/.config/discord/0.0.39/modules/pending/discord_spellcheck-1.zip: 98%
2024-01-01T03:59:14.780Z [Modules] Streaming discord_spellcheck@1 to /home/jesse/.config/discord/0.0.39/modules/pending/discord_spellcheck-1.zip: 99%
2024-01-01T03:59:14.784Z [Modules] Streaming discord_spellcheck@1 to /home/jesse/.config/discord/0.0.39/modules/pending/discord_spellcheck-1.zip: 100%
2024-01-01T03:59:14.787Z [Modules] Fetching discord_utils@1 from https://discord.com/api/modules/stable/discord_utils/1
2024-01-01T03:59:14.788Z [Modules] Streaming discord_utils@1 to /home/jesse/.config/discord/0.0.39/modules/pending/discord_utils-1.zip
2024-01-01T03:59:15.061Z [Modules] Streaming discord_utils@1 to /home/jesse/.config/discord/0.0.39/modules/pending/discord_utils-1.zip: 2%
2024-01-01T03:59:15.070Z [Modules] Streaming discord_utils@1 to /home/jesse/.config/discord/0.0.39/modules/pending/discord_utils-1.zip: 4%
2024-01-01T03:59:15.072Z [Modules] Streaming discord_utils@1 to /home/jesse/.config/discord/0.0.39/modules/pending/discord_utils-1.zip: 6%
2024-01-01T03:59:15.075Z [Modules] Streaming discord_utils@1 to /home/jesse/.config/discord/0.0.39/modules/pending/discord_utils-1.zip: 8%
2024-01-01T03:59:15.078Z [Modules] Streaming discord_utils@1 to /home/jesse/.config/discord/0.0.39/modules/pending/discord_utils-1.zip: 10%
2024-01-01T03:59:15.089Z [Modules] Streaming discord_utils@1 to /home/jesse/.config/discord/0.0.39/modules/pending/discord_utils-1.zip: 12%
2024-01-01T03:59:15.091Z [Modules] Streaming discord_utils@1 to /home/jesse/.config/discord/0.0.39/modules/pending/discord_utils-1.zip: 13%
2024-01-01T03:59:15.098Z [Modules] Streaming discord_utils@1 to /home/jesse/.config/discord/0.0.39/modules/pending/discord_utils-1.zip: 15%
2024-01-01T03:59:15.102Z [Modules] Streaming discord_utils@1 to /home/jesse/.config/discord/0.0.39/modules/pending/discord_utils-1.zip: 16%
2024-01-01T03:59:15.109Z [Modules] Streaming discord_utils@1 to /home/jesse/.config/discord/0.0.39/modules/pending/discord_utils-1.zip: 18%
2024-01-01T03:59:15.113Z [Modules] Streaming discord_utils@1 to /home/jesse/.config/discord/0.0.39/modules/pending/discord_utils-1.zip: 23%
2024-01-01T03:59:15.125Z [Modules] Streaming discord_utils@1 to /home/jesse/.config/discord/0.0.39/modules/pending/discord_utils-1.zip: 25%
2024-01-01T03:59:15.127Z [Modules] Streaming discord_utils@1 to /home/jesse/.config/discord/0.0.39/modules/pending/discord_utils-1.zip: 28%
2024-01-01T03:59:15.131Z [Modules] Streaming discord_utils@1 to /home/jesse/.config/discord/0.0.39/modules/pending/discord_utils-1.zip: 29%
2024-01-01T03:59:15.135Z [Modules] Streaming discord_utils@1 to /home/jesse/.config/discord/0.0.39/modules/pending/discord_utils-1.zip: 32%
2024-01-01T03:59:15.138Z [Modules] Streaming discord_utils@1 to /home/jesse/.config/discord/0.0.39/modules/pending/discord_utils-1.zip: 37%
2024-01-01T03:59:15.141Z [Modules] Streaming discord_utils@1 to /home/jesse/.config/discord/0.0.39/modules/pending/discord_utils-1.zip: 41%
2024-01-01T03:59:15.152Z [Modules] Streaming discord_utils@1 to /home/jesse/.config/discord/0.0.39/modules/pending/discord_utils-1.zip: 43%
2024-01-01T03:59:15.155Z [Modules] Streaming discord_utils@1 to /home/jesse/.config/discord/0.0.39/modules/pending/discord_utils-1.zip: 44%
2024-01-01T03:59:15.160Z [Modules] Streaming discord_utils@1 to /home/jesse/.config/discord/0.0.39/modules/pending/discord_utils-1.zip: 46%
2024-01-01T03:59:15.164Z [Modules] Streaming discord_utils@1 to /home/jesse/.config/discord/0.0.39/modules/pending/discord_utils-1.zip: 50%
2024-01-01T03:59:15.169Z [Modules] Streaming discord_utils@1 to /home/jesse/.config/discord/0.0.39/modules/pending/discord_utils-1.zip: 51%
2024-01-01T03:59:15.177Z [Modules] Streaming discord_utils@1 to /home/jesse/.config/discord/0.0.39/modules/pending/discord_utils-1.zip: 53%
2024-01-01T03:59:15.180Z [Modules] Streaming discord_utils@1 to /home/jesse/.config/discord/0.0.39/modules/pending/discord_utils-1.zip: 57%
2024-01-01T03:59:15.184Z [Modules] Streaming discord_utils@1 to /home/jesse/.config/discord/0.0.39/modules/pending/discord_utils-1.zip: 59%
2024-01-01T03:59:15.188Z [Modules] Streaming discord_utils@1 to /home/jesse/.config/discord/0.0.39/modules/pending/discord_utils-1.zip: 61%
2024-01-01T03:59:15.198Z [Modules] Streaming discord_utils@1 to /home/jesse/.config/discord/0.0.39/modules/pending/discord_utils-1.zip: 63%
2024-01-01T03:59:15.201Z [Modules] Streaming discord_utils@1 to /home/jesse/.config/discord/0.0.39/modules/pending/discord_utils-1.zip: 65%
2024-01-01T03:59:15.205Z [Modules] Streaming discord_utils@1 to /home/jesse/.config/discord/0.0.39/modules/pending/discord_utils-1.zip: 67%
2024-01-01T03:59:15.208Z [Modules] Streaming discord_utils@1 to /home/jesse/.config/discord/0.0.39/modules/pending/discord_utils-1.zip: 74%
2024-01-01T03:59:15.218Z [Modules] Streaming discord_utils@1 to /home/jesse/.config/discord/0.0.39/modules/pending/discord_utils-1.zip: 77%
2024-01-01T03:59:15.222Z [Modules] Streaming discord_utils@1 to /home/jesse/.config/discord/0.0.39/modules/pending/discord_utils-1.zip: 79%
2024-01-01T03:59:15.224Z [Modules] Streaming discord_utils@1 to /home/jesse/.config/discord/0.0.39/modules/pending/discord_utils-1.zip: 80%
2024-01-01T03:59:15.228Z [Modules] Streaming discord_utils@1 to /home/jesse/.config/discord/0.0.39/modules/pending/discord_utils-1.zip: 82%
2024-01-01T03:59:15.232Z [Modules] Streaming discord_utils@1 to /home/jesse/.config/discord/0.0.39/modules/pending/discord_utils-1.zip: 84%
2024-01-01T03:59:15.235Z [Modules] Streaming discord_utils@1 to /home/jesse/.config/discord/0.0.39/modules/pending/discord_utils-1.zip: 85%
2024-01-01T03:59:15.240Z [Modules] Streaming discord_utils@1 to /home/jesse/.config/discord/0.0.39/modules/pending/discord_utils-1.zip: 87%
2024-01-01T03:59:15.243Z [Modules] Streaming discord_utils@1 to /home/jesse/.config/discord/0.0.39/modules/pending/discord_utils-1.zip: 91%
2024-01-01T03:59:15.246Z [Modules] Streaming discord_utils@1 to /home/jesse/.config/discord/0.0.39/modules/pending/discord_utils-1.zip: 93%
2024-01-01T03:59:15.250Z [Modules] Streaming discord_utils@1 to /home/jesse/.config/discord/0.0.39/modules/pending/discord_utils-1.zip: 94%
2024-01-01T03:59:15.255Z [Modules] Streaming discord_utils@1 to /home/jesse/.config/discord/0.0.39/modules/pending/discord_utils-1.zip: 100%
2024-01-01T03:59:15.260Z [Modules] Fetching discord_voice@1 from https://discord.com/api/modules/stable/discord_voice/1
2024-01-01T03:59:15.261Z [Modules] Streaming discord_voice@1 to /home/jesse/.config/discord/0.0.39/modules/pending/discord_voice-1.zip
2024-01-01T03:59:15.427Z [Modules] Streaming discord_voice@1 to /home/jesse/.config/discord/0.0.39/modules/pending/discord_voice-1.zip: 1%
2024-01-01T03:59:15.441Z [Modules] Streaming discord_voice@1 to /home/jesse/.config/discord/0.0.39/modules/pending/discord_voice-1.zip: 2%
2024-01-01T03:59:15.453Z [Modules] Streaming discord_voice@1 to /home/jesse/.config/discord/0.0.39/modules/pending/discord_voice-1.zip: 3%
2024-01-01T03:59:15.471Z [Modules] Streaming discord_voice@1 to /home/jesse/.config/discord/0.0.39/modules/pending/discord_voice-1.zip: 4%
2024-01-01T03:59:15.482Z [Modules] Streaming discord_voice@1 to /home/jesse/.config/discord/0.0.39/modules/pending/discord_voice-1.zip: 5%
2024-01-01T03:59:15.495Z [Modules] Streaming discord_voice@1 to /home/jesse/.config/discord/0.0.39/modules/pending/discord_voice-1.zip: 6%
2024-01-01T03:59:15.507Z [Modules] Streaming discord_voice@1 to /home/jesse/.config/discord/0.0.39/modules/pending/discord_voice-1.zip: 7%
2024-01-01T03:59:15.528Z [Modules] Streaming discord_voice@1 to /home/jesse/.config/discord/0.0.39/modules/pending/discord_voice-1.zip: 8%
2024-01-01T03:59:15.538Z [Modules] Streaming discord_voice@1 to /home/jesse/.config/discord/0.0.39/modules/pending/discord_voice-1.zip: 9%
2024-01-01T03:59:15.550Z [Modules] Streaming discord_voice@1 to /home/jesse/.config/discord/0.0.39/modules/pending/discord_voice-1.zip: 10%
2024-01-01T03:59:15.572Z [Modules] Streaming discord_voice@1 to /home/jesse/.config/discord/0.0.39/modules/pending/discord_voice-1.zip: 11%
2024-01-01T03:59:15.590Z [Modules] Streaming discord_voice@1 to /home/jesse/.config/discord/0.0.39/modules/pending/discord_voice-1.zip: 12%
2024-01-01T03:59:15.605Z [Modules] Streaming discord_voice@1 to /home/jesse/.config/discord/0.0.39/modules/pending/discord_voice-1.zip: 13%
2024-01-01T03:59:15.609Z [Modules] Streaming discord_voice@1 to /home/jesse/.config/discord/0.0.39/modules/pending/discord_voice-1.zip: 14%
2024-01-01T03:59:15.621Z [Modules] Streaming discord_voice@1 to /home/jesse/.config/discord/0.0.39/modules/pending/discord_voice-1.zip: 15%
2024-01-01T03:59:15.631Z [Modules] Streaming discord_voice@1 to /home/jesse/.config/discord/0.0.39/modules/pending/discord_voice-1.zip: 16%
2024-01-01T03:59:15.652Z [Modules] Streaming discord_voice@1 to /home/jesse/.config/discord/0.0.39/modules/pending/discord_voice-1.zip: 17%
2024-01-01T03:59:15.675Z [Modules] Streaming discord_voice@1 to /home/jesse/.config/discord/0.0.39/modules/pending/discord_voice-1.zip: 18%
2024-01-01T03:59:15.689Z [Modules] Streaming discord_voice@1 to /home/jesse/.config/discord/0.0.39/modules/pending/discord_voice-1.zip: 19%
2024-01-01T03:59:15.700Z [Modules] Streaming discord_voice@1 to /home/jesse/.config/discord/0.0.39/modules/pending/discord_voice-1.zip: 20%
2024-01-01T03:59:15.739Z [Modules] Streaming discord_voice@1 to /home/jesse/.config/discord/0.0.39/modules/pending/discord_voice-1.zip: 21%
2024-01-01T03:59:15.751Z [Modules] Streaming discord_voice@1 to /home/jesse/.config/discord/0.0.39/modules/pending/discord_voice-1.zip: 22%
2024-01-01T03:59:15.757Z [Modules] Streaming discord_voice@1 to /home/jesse/.config/discord/0.0.39/modules/pending/discord_voice-1.zip: 23%
2024-01-01T03:59:15.791Z [Modules] Streaming discord_voice@1 to /home/jesse/.config/discord/0.0.39/modules/pending/discord_voice-1.zip: 24%
2024-01-01T03:59:15.805Z [Modules] Streaming discord_voice@1 to /home/jesse/.config/discord/0.0.39/modules/pending/discord_voice-1.zip: 25%
2024-01-01T03:59:15.809Z [Modules] Streaming discord_voice@1 to /home/jesse/.config/discord/0.0.39/modules/pending/discord_voice-1.zip: 26%
2024-01-01T03:59:15.831Z [Modules] Streaming discord_voice@1 to /home/jesse/.config/discord/0.0.39/modules/pending/discord_voice-1.zip: 27%
2024-01-01T03:59:15.855Z [Modules] Streaming discord_voice@1 to /home/jesse/.config/discord/0.0.39/modules/pending/discord_voice-1.zip: 28%
2024-01-01T03:59:15.886Z [Modules] Streaming discord_voice@1 to /home/jesse/.config/discord/0.0.39/modules/pending/discord_voice-1.zip: 29%
2024-01-01T03:59:15.896Z [Modules] Streaming discord_voice@1 to /home/jesse/.config/discord/0.0.39/modules/pending/discord_voice-1.zip: 30%
2024-01-01T03:59:15.901Z [Modules] Streaming discord_voice@1 to /home/jesse/.config/discord/0.0.39/modules/pending/discord_voice-1.zip: 31%
2024-01-01T03:59:15.919Z [Modules] Streaming discord_voice@1 to /home/jesse/.config/discord/0.0.39/modules/pending/discord_voice-1.zip: 32%
2024-01-01T03:59:15.942Z [Modules] Streaming discord_voice@1 to /home/jesse/.config/discord/0.0.39/modules/pending/discord_voice-1.zip: 33%
2024-01-01T03:59:15.961Z [Modules] Streaming discord_voice@1 to /home/jesse/.config/discord/0.0.39/modules/pending/discord_voice-1.zip: 34%
2024-01-01T03:59:15.967Z [Modules] Streaming discord_voice@1 to /home/jesse/.config/discord/0.0.39/modules/pending/discord_voice-1.zip: 35%
2024-01-01T03:59:15.981Z [Modules] Streaming discord_voice@1 to /home/jesse/.config/discord/0.0.39/modules/pending/discord_voice-1.zip: 36%
2024-01-01T03:59:16.003Z [Modules] Streaming discord_voice@1 to /home/jesse/.config/discord/0.0.39/modules/pending/discord_voice-1.zip: 37%
2024-01-01T03:59:16.020Z [Modules] Streaming discord_voice@1 to /home/jesse/.config/discord/0.0.39/modules/pending/discord_voice-1.zip: 38%
2024-01-01T03:59:16.047Z [Modules] Streaming discord_voice@1 to /home/jesse/.config/discord/0.0.39/modules/pending/discord_voice-1.zip: 39%
2024-01-01T03:59:16.064Z [Modules] Streaming discord_voice@1 to /home/jesse/.config/discord/0.0.39/modules/pending/discord_voice-1.zip: 40%
2024-01-01T03:59:16.084Z [Modules] Streaming discord_voice@1 to /home/jesse/.config/discord/0.0.39/modules/pending/discord_voice-1.zip: 41%
2024-01-01T03:59:16.092Z [Modules] Streaming discord_voice@1 to /home/jesse/.config/discord/0.0.39/modules/pending/discord_voice-1.zip: 42%
2024-01-01T03:59:16.098Z [Modules] Streaming discord_voice@1 to /home/jesse/.config/discord/0.0.39/modules/pending/discord_voice-1.zip: 43%
2024-01-01T03:59:16.120Z [Modules] Streaming discord_voice@1 to /home/jesse/.config/discord/0.0.39/modules/pending/discord_voice-1.zip: 44%
2024-01-01T03:59:16.131Z [Modules] Streaming discord_voice@1 to /home/jesse/.config/discord/0.0.39/modules/pending/discord_voice-1.zip: 45%
2024-01-01T03:59:16.151Z [Modules] Streaming discord_voice@1 to /home/jesse/.config/discord/0.0.39/modules/pending/discord_voice-1.zip: 46%
2024-01-01T03:59:16.166Z [Modules] Streaming discord_voice@1 to /home/jesse/.config/discord/0.0.39/modules/pending/discord_voice-1.zip: 47%
2024-01-01T03:59:16.178Z [Modules] Streaming discord_voice@1 to /home/jesse/.config/discord/0.0.39/modules/pending/discord_voice-1.zip: 48%
2024-01-01T03:59:16.189Z [Modules] Streaming discord_voice@1 to /home/jesse/.config/discord/0.0.39/modules/pending/discord_voice-1.zip: 49%
2024-01-01T03:59:16.208Z [Modules] Streaming discord_voice@1 to /home/jesse/.config/discord/0.0.39/modules/pending/discord_voice-1.zip: 50%
2024-01-01T03:59:16.241Z [Modules] Streaming discord_voice@1 to /home/jesse/.config/discord/0.0.39/modules/pending/discord_voice-1.zip: 51%
2024-01-01T03:59:16.254Z [Modules] Streaming discord_voice@1 to /home/jesse/.config/discord/0.0.39/modules/pending/discord_voice-1.zip: 52%
2024-01-01T03:59:16.277Z [Modules] Streaming discord_voice@1 to /home/jesse/.config/discord/0.0.39/modules/pending/discord_voice-1.zip: 53%
2024-01-01T03:59:16.282Z [Modules] Streaming discord_voice@1 to /home/jesse/.config/discord/0.0.39/modules/pending/discord_voice-1.zip: 54%
2024-01-01T03:59:16.291Z [Modules] Streaming discord_voice@1 to /home/jesse/.config/discord/0.0.39/modules/pending/discord_voice-1.zip: 55%
2024-01-01T03:59:16.301Z [Modules] Streaming discord_voice@1 to /home/jesse/.config/discord/0.0.39/modules/pending/discord_voice-1.zip: 56%
2024-01-01T03:59:16.307Z [Modules] Streaming discord_voice@1 to /home/jesse/.config/discord/0.0.39/modules/pending/discord_voice-1.zip: 57%
2024-01-01T03:59:16.321Z [Modules] Streaming discord_voice@1 to /home/jesse/.config/discord/0.0.39/modules/pending/discord_voice-1.zip: 58%
2024-01-01T03:59:16.358Z [Modules] Streaming discord_voice@1 to /home/jesse/.config/discord/0.0.39/modules/pending/discord_voice-1.zip: 59%
2024-01-01T03:59:16.362Z [Modules] Streaming discord_voice@1 to /home/jesse/.config/discord/0.0.39/modules/pending/discord_voice-1.zip: 60%
2024-01-01T03:59:16.371Z [Modules] Streaming discord_voice@1 to /home/jesse/.config/discord/0.0.39/modules/pending/discord_voice-1.zip: 61%
2024-01-01T03:59:16.400Z [Modules] Streaming discord_voice@1 to /home/jesse/.config/discord/0.0.39/modules/pending/discord_voice-1.zip: 62%
2024-01-01T03:59:16.416Z [Modules] Streaming discord_voice@1 to /home/jesse/.config/discord/0.0.39/modules/pending/discord_voice-1.zip: 63%
2024-01-01T03:59:16.422Z [Modules] Streaming discord_voice@1 to /home/jesse/.config/discord/0.0.39/modules/pending/discord_voice-1.zip: 64%
2024-01-01T03:59:16.428Z [Modules] Streaming discord_voice@1 to /home/jesse/.config/discord/0.0.39/modules/pending/discord_voice-1.zip: 65%
2024-01-01T03:59:16.457Z [Modules] Streaming discord_voice@1 to /home/jesse/.config/discord/0.0.39/modules/pending/discord_voice-1.zip: 66%
2024-01-01T03:59:16.479Z [Modules] Streaming discord_voice@1 to /home/jesse/.config/discord/0.0.39/modules/pending/discord_voice-1.zip: 67%
2024-01-01T03:59:16.507Z [Modules] Streaming discord_voice@1 to /home/jesse/.config/discord/0.0.39/modules/pending/discord_voice-1.zip: 68%
2024-01-01T03:59:16.515Z [Modules] Streaming discord_voice@1 to /home/jesse/.config/discord/0.0.39/modules/pending/discord_voice-1.zip: 69%
2024-01-01T03:59:16.524Z [Modules] Streaming discord_voice@1 to /home/jesse/.config/discord/0.0.39/modules/pending/discord_voice-1.zip: 70%
2024-01-01T03:59:16.529Z [Modules] Streaming discord_voice@1 to /home/jesse/.config/discord/0.0.39/modules/pending/discord_voice-1.zip: 71%
2024-01-01T03:59:16.544Z [Modules] Streaming discord_voice@1 to /home/jesse/.config/discord/0.0.39/modules/pending/discord_voice-1.zip: 72%
2024-01-01T03:59:16.568Z [Modules] Streaming discord_voice@1 to /home/jesse/.config/discord/0.0.39/modules/pending/discord_voice-1.zip: 73%
2024-01-01T03:59:16.576Z [Modules] Streaming discord_voice@1 to /home/jesse/.config/discord/0.0.39/modules/pending/discord_voice-1.zip: 74%
2024-01-01T03:59:16.603Z [Modules] Streaming discord_voice@1 to /home/jesse/.config/discord/0.0.39/modules/pending/discord_voice-1.zip: 75%
2024-01-01T03:59:16.608Z [Modules] Streaming discord_voice@1 to /home/jesse/.config/discord/0.0.39/modules/pending/discord_voice-1.zip: 76%
2024-01-01T03:59:16.619Z [Modules] Streaming discord_voice@1 to /home/jesse/.config/discord/0.0.39/modules/pending/discord_voice-1.zip: 77%
2024-01-01T03:59:16.652Z [Modules] Streaming discord_voice@1 to /home/jesse/.config/discord/0.0.39/modules/pending/discord_voice-1.zip: 78%
2024-01-01T03:59:16.663Z [Modules] Streaming discord_voice@1 to /home/jesse/.config/discord/0.0.39/modules/pending/discord_voice-1.zip: 79%
2024-01-01T03:59:16.674Z [Modules] Streaming discord_voice@1 to /home/jesse/.config/discord/0.0.39/modules/pending/discord_voice-1.zip: 80%
2024-01-01T03:59:16.693Z [Modules] Streaming discord_voice@1 to /home/jesse/.config/discord/0.0.39/modules/pending/discord_voice-1.zip: 81%
2024-01-01T03:59:16.701Z [Modules] Streaming discord_voice@1 to /home/jesse/.config/discord/0.0.39/modules/pending/discord_voice-1.zip: 82%
2024-01-01T03:59:16.725Z [Modules] Streaming discord_voice@1 to /home/jesse/.config/discord/0.0.39/modules/pending/discord_voice-1.zip: 83%
2024-01-01T03:59:16.738Z [Modules] Streaming discord_voice@1 to /home/jesse/.config/discord/0.0.39/modules/pending/discord_voice-1.zip: 84%
2024-01-01T03:59:16.747Z [Modules] Streaming discord_voice@1 to /home/jesse/.config/discord/0.0.39/modules/pending/discord_voice-1.zip: 85%
2024-01-01T03:59:16.761Z [Modules] Streaming discord_voice@1 to /home/jesse/.config/discord/0.0.39/modules/pending/discord_voice-1.zip: 86%
2024-01-01T03:59:16.765Z [Modules] Streaming discord_voice@1 to /home/jesse/.config/discord/0.0.39/modules/pending/discord_voice-1.zip: 87%
2024-01-01T03:59:16.783Z [Modules] Streaming discord_voice@1 to /home/jesse/.config/discord/0.0.39/modules/pending/discord_voice-1.zip: 88%
2024-01-01T03:59:16.810Z [Modules] Streaming discord_voice@1 to /home/jesse/.config/discord/0.0.39/modules/pending/discord_voice-1.zip: 89%
2024-01-01T03:59:16.828Z [Modules] Streaming discord_voice@1 to /home/jesse/.config/discord/0.0.39/modules/pending/discord_voice-1.zip: 90%
2024-01-01T03:59:16.847Z [Modules] Streaming discord_voice@1 to /home/jesse/.config/discord/0.0.39/modules/pending/discord_voice-1.zip: 91%
2024-01-01T03:59:16.862Z [Modules] Streaming discord_voice@1 to /home/jesse/.config/discord/0.0.39/modules/pending/discord_voice-1.zip: 92%
2024-01-01T03:59:16.871Z [Modules] Streaming discord_voice@1 to /home/jesse/.config/discord/0.0.39/modules/pending/discord_voice-1.zip: 93%
2024-01-01T03:59:16.877Z [Modules] Streaming discord_voice@1 to /home/jesse/.config/discord/0.0.39/modules/pending/discord_voice-1.zip: 94%
2024-01-01T03:59:16.882Z [Modules] Streaming discord_voice@1 to /home/jesse/.config/discord/0.0.39/modules/pending/discord_voice-1.zip: 95%
2024-01-01T03:59:16.913Z [Modules] Streaming discord_voice@1 to /home/jesse/.config/discord/0.0.39/modules/pending/discord_voice-1.zip: 96%
2024-01-01T03:59:16.921Z [Modules] Streaming discord_voice@1 to /home/jesse/.config/discord/0.0.39/modules/pending/discord_voice-1.zip: 97%
2024-01-01T03:59:16.930Z [Modules] Streaming discord_voice@1 to /home/jesse/.config/discord/0.0.39/modules/pending/discord_voice-1.zip: 98%
2024-01-01T03:59:16.940Z [Modules] Streaming discord_voice@1 to /home/jesse/.config/discord/0.0.39/modules/pending/discord_voice-1.zip: 99%
2024-01-01T03:59:16.955Z [Modules] Streaming discord_voice@1 to /home/jesse/.config/discord/0.0.39/modules/pending/discord_voice-1.zip: 100%
2024-01-01T03:59:16.959Z [Modules] Finished module downloads. [success: 5] [failure: 0]
2024-01-01T03:59:16.960Z [Modules] Installing updates...
2024-01-01T03:59:16.960Z [Modules] Installing discord_desktop_core@1 from /home/jesse/.config/discord/0.0.39/modules/pending/discord_desktop_core-1.zip
2024-01-01T03:59:17.131Z [Modules] Installing discord_erlpack@1 from /home/jesse/.config/discord/0.0.39/modules/pending/discord_erlpack-1.zip
2024-01-01T03:59:17.189Z [Modules] Installing discord_spellcheck@1 from /home/jesse/.config/discord/0.0.39/modules/pending/discord_spellcheck-1.zip
2024-01-01T03:59:18.027Z [Modules] Installing discord_utils@1 from /home/jesse/.config/discord/0.0.39/modules/pending/discord_utils-1.zip
2024-01-01T03:59:18.163Z [Modules] Installing discord_voice@1 from /home/jesse/.config/discord/0.0.39/modules/pending/discord_voice-1.zip
2024-01-01T03:59:18.934Z [Modules] Finished module installations. [success: 5] [failure: 0]
2024-01-01T03:59:18.934Z [Modules] Checking for host updates.
2024-01-01T03:59:19.044Z [Modules] Host is up to date.
2024-01-01T03:59:19.045Z [Modules] Checking for module updates at https://discord.com/api/modules/stable/versions.json
2024-01-01T03:59:19.162Z [Modules] No module updates available.
2024-01-01T03:59:23.860Z [Modules] Starting to install discord_krisp...
2024-01-01T03:59:23.860Z [Modules] Fetching discord_krisp@1 from https://discord.com/api/modules/stable/discord_krisp/1
2024-01-01T03:59:23.861Z [Modules] Streaming discord_krisp@1 to /home/jesse/.config/discord/0.0.39/modules/pending/discord_krisp-1.zip
2024-01-01T03:59:23.871Z [Modules] Starting to install discord_game_utils...
2024-01-01T03:59:23.999Z [Modules] Streaming discord_krisp@1 to /home/jesse/.config/discord/0.0.39/modules/pending/discord_krisp-1.zip: 1%
2024-01-01T03:59:24.019Z [Modules] Streaming discord_krisp@1 to /home/jesse/.config/discord/0.0.39/modules/pending/discord_krisp-1.zip: 2%
2024-01-01T03:59:24.037Z [Modules] Streaming discord_krisp@1 to /home/jesse/.config/discord/0.0.39/modules/pending/discord_krisp-1.zip: 3%
2024-01-01T03:59:24.042Z [Modules] Streaming discord_krisp@1 to /home/jesse/.config/discord/0.0.39/modules/pending/discord_krisp-1.zip: 4%
2024-01-01T03:59:24.052Z [Modules] Streaming discord_krisp@1 to /home/jesse/.config/discord/0.0.39/modules/pending/discord_krisp-1.zip: 5%
2024-01-01T03:59:24.069Z [Modules] Streaming discord_krisp@1 to /home/jesse/.config/discord/0.0.39/modules/pending/discord_krisp-1.zip: 6%
2024-01-01T03:59:24.082Z [Modules] Streaming discord_krisp@1 to /home/jesse/.config/discord/0.0.39/modules/pending/discord_krisp-1.zip: 7%
2024-01-01T03:59:24.091Z [Modules] Streaming discord_krisp@1 to /home/jesse/.config/discord/0.0.39/modules/pending/discord_krisp-1.zip: 8%
2024-01-01T03:59:24.115Z [Modules] Streaming discord_krisp@1 to /home/jesse/.config/discord/0.0.39/modules/pending/discord_krisp-1.zip: 9%
2024-01-01T03:59:24.142Z [Modules] Streaming discord_krisp@1 to /home/jesse/.config/discord/0.0.39/modules/pending/discord_krisp-1.zip: 10%
2024-01-01T03:59:24.143Z [Modules] Streaming discord_krisp@1 to /home/jesse/.config/discord/0.0.39/modules/pending/discord_krisp-1.zip: 11%
2024-01-01T03:59:24.186Z [Modules] Streaming discord_krisp@1 to /home/jesse/.config/discord/0.0.39/modules/pending/discord_krisp-1.zip: 12%
2024-01-01T03:59:24.221Z [Modules] Streaming discord_krisp@1 to /home/jesse/.config/discord/0.0.39/modules/pending/discord_krisp-1.zip: 13%
2024-01-01T03:59:24.224Z [Modules] Streaming discord_krisp@1 to /home/jesse/.config/discord/0.0.39/modules/pending/discord_krisp-1.zip: 14%
2024-01-01T03:59:24.273Z [Modules] Streaming discord_krisp@1 to /home/jesse/.config/discord/0.0.39/modules/pending/discord_krisp-1.zip: 15%
2024-01-01T03:59:24.277Z [Modules] Streaming discord_krisp@1 to /home/jesse/.config/discord/0.0.39/modules/pending/discord_krisp-1.zip: 16%
2024-01-01T03:59:24.279Z [Modules] Streaming discord_krisp@1 to /home/jesse/.config/discord/0.0.39/modules/pending/discord_krisp-1.zip: 17%
2024-01-01T03:59:24.331Z [Modules] Streaming discord_krisp@1 to /home/jesse/.config/discord/0.0.39/modules/pending/discord_krisp-1.zip: 18%
2024-01-01T03:59:24.336Z [Modules] Streaming discord_krisp@1 to /home/jesse/.config/discord/0.0.39/modules/pending/discord_krisp-1.zip: 19%
2024-01-01T03:59:24.384Z [Modules] Streaming discord_krisp@1 to /home/jesse/.config/discord/0.0.39/modules/pending/discord_krisp-1.zip: 20%
2024-01-01T03:59:24.393Z [Modules] Streaming discord_krisp@1 to /home/jesse/.config/discord/0.0.39/modules/pending/discord_krisp-1.zip: 21%
2024-01-01T03:59:24.422Z [Modules] Streaming discord_krisp@1 to /home/jesse/.config/discord/0.0.39/modules/pending/discord_krisp-1.zip: 22%
2024-01-01T03:59:24.426Z [Modules] Streaming discord_krisp@1 to /home/jesse/.config/discord/0.0.39/modules/pending/discord_krisp-1.zip: 23%
2024-01-01T03:59:24.430Z [Modules] Streaming discord_krisp@1 to /home/jesse/.config/discord/0.0.39/modules/pending/discord_krisp-1.zip: 24%
2024-01-01T03:59:24.442Z [Modules] Streaming discord_krisp@1 to /home/jesse/.config/discord/0.0.39/modules/pending/discord_krisp-1.zip: 25%
2024-01-01T03:59:24.447Z [Modules] Streaming discord_krisp@1 to /home/jesse/.config/discord/0.0.39/modules/pending/discord_krisp-1.zip: 26%
2024-01-01T03:59:24.463Z [Modules] Streaming discord_krisp@1 to /home/jesse/.config/discord/0.0.39/modules/pending/discord_krisp-1.zip: 27%
2024-01-01T03:59:24.478Z [Modules] Streaming discord_krisp@1 to /home/jesse/.config/discord/0.0.39/modules/pending/discord_krisp-1.zip: 28%
2024-01-01T03:59:24.489Z [Modules] Streaming discord_krisp@1 to /home/jesse/.config/discord/0.0.39/modules/pending/discord_krisp-1.zip: 29%
2024-01-01T03:59:24.510Z [Modules] Streaming discord_krisp@1 to /home/jesse/.config/discord/0.0.39/modules/pending/discord_krisp-1.zip: 30%
2024-01-01T03:59:24.538Z [Modules] Streaming discord_krisp@1 to /home/jesse/.config/discord/0.0.39/modules/pending/discord_krisp-1.zip: 31%
2024-01-01T03:59:24.546Z [Modules] Streaming discord_krisp@1 to /home/jesse/.config/discord/0.0.39/modules/pending/discord_krisp-1.zip: 32%
2024-01-01T03:59:24.553Z [Modules] Streaming discord_krisp@1 to /home/jesse/.config/discord/0.0.39/modules/pending/discord_krisp-1.zip: 33%
2024-01-01T03:59:24.569Z [Modules] Streaming discord_krisp@1 to /home/jesse/.config/discord/0.0.39/modules/pending/discord_krisp-1.zip: 34%
2024-01-01T03:59:24.578Z [Modules] Streaming discord_krisp@1 to /home/jesse/.config/discord/0.0.39/modules/pending/discord_krisp-1.zip: 35%
2024-01-01T03:59:24.597Z [Modules] Streaming discord_krisp@1 to /home/jesse/.config/discord/0.0.39/modules/pending/discord_krisp-1.zip: 36%
2024-01-01T03:59:24.615Z [Modules] Streaming discord_krisp@1 to /home/jesse/.config/discord/0.0.39/modules/pending/discord_krisp-1.zip: 37%
2024-01-01T03:59:24.633Z [Modules] Streaming discord_krisp@1 to /home/jesse/.config/discord/0.0.39/modules/pending/discord_krisp-1.zip: 38%
2024-01-01T03:59:24.634Z [Modules] Streaming discord_krisp@1 to /home/jesse/.config/discord/0.0.39/modules/pending/discord_krisp-1.zip: 39%
2024-01-01T03:59:24.652Z [Modules] Streaming discord_krisp@1 to /home/jesse/.config/discord/0.0.39/modules/pending/discord_krisp-1.zip: 40%
2024-01-01T03:59:24.663Z [Modules] Streaming discord_krisp@1 to /home/jesse/.config/discord/0.0.39/modules/pending/discord_krisp-1.zip: 41%
2024-01-01T03:59:24.679Z [Modules] Streaming discord_krisp@1 to /home/jesse/.config/discord/0.0.39/modules/pending/discord_krisp-1.zip: 42%
2024-01-01T03:59:24.687Z [Modules] Streaming discord_krisp@1 to /home/jesse/.config/discord/0.0.39/modules/pending/discord_krisp-1.zip: 43%
2024-01-01T03:59:24.698Z [Modules] Streaming discord_krisp@1 to /home/jesse/.config/discord/0.0.39/modules/pending/discord_krisp-1.zip: 44%
2024-01-01T03:59:24.717Z [Modules] Streaming discord_krisp@1 to /home/jesse/.config/discord/0.0.39/modules/pending/discord_krisp-1.zip: 45%
2024-01-01T03:59:24.750Z [Modules] Streaming discord_krisp@1 to /home/jesse/.config/discord/0.0.39/modules/pending/discord_krisp-1.zip: 46%
2024-01-01T03:59:24.779Z [Modules] Streaming discord_krisp@1 to /home/jesse/.config/discord/0.0.39/modules/pending/discord_krisp-1.zip: 47%
2024-01-01T03:59:24.810Z [Modules] Streaming discord_krisp@1 to /home/jesse/.config/discord/0.0.39/modules/pending/discord_krisp-1.zip: 48%
2024-01-01T03:59:24.833Z [Modules] Streaming discord_krisp@1 to /home/jesse/.config/discord/0.0.39/modules/pending/discord_krisp-1.zip: 49%
2024-01-01T03:59:24.849Z [Modules] Streaming discord_krisp@1 to /home/jesse/.config/discord/0.0.39/modules/pending/discord_krisp-1.zip: 50%
2024-01-01T03:59:24.861Z [Modules] Streaming discord_krisp@1 to /home/jesse/.config/discord/0.0.39/modules/pending/discord_krisp-1.zip: 51%
2024-01-01T03:59:24.866Z [Modules] Streaming discord_krisp@1 to /home/jesse/.config/discord/0.0.39/modules/pending/discord_krisp-1.zip: 52%
2024-01-01T03:59:24.871Z [Modules] Streaming discord_krisp@1 to /home/jesse/.config/discord/0.0.39/modules/pending/discord_krisp-1.zip: 53%
2024-01-01T03:59:24.877Z [Modules] Streaming discord_krisp@1 to /home/jesse/.config/discord/0.0.39/modules/pending/discord_krisp-1.zip: 54%
2024-01-01T03:59:24.890Z [Modules] Streaming discord_krisp@1 to /home/jesse/.config/discord/0.0.39/modules/pending/discord_krisp-1.zip: 55%
2024-01-01T03:59:24.911Z [Modules] Streaming discord_krisp@1 to /home/jesse/.config/discord/0.0.39/modules/pending/discord_krisp-1.zip: 56%
2024-01-01T03:59:24.932Z [Modules] Streaming discord_krisp@1 to /home/jesse/.config/discord/0.0.39/modules/pending/discord_krisp-1.zip: 57%
2024-01-01T03:59:24.938Z [Modules] Streaming discord_krisp@1 to /home/jesse/.config/discord/0.0.39/modules/pending/discord_krisp-1.zip: 58%
2024-01-01T03:59:24.955Z [Modules] Streaming discord_krisp@1 to /home/jesse/.config/discord/0.0.39/modules/pending/discord_krisp-1.zip: 59%
2024-01-01T03:59:24.975Z [Modules] Streaming discord_krisp@1 to /home/jesse/.config/discord/0.0.39/modules/pending/discord_krisp-1.zip: 60%
2024-01-01T03:59:24.979Z [Modules] Streaming discord_krisp@1 to /home/jesse/.config/discord/0.0.39/modules/pending/discord_krisp-1.zip: 61%
2024-01-01T03:59:25.002Z [Modules] Streaming discord_krisp@1 to /home/jesse/.config/discord/0.0.39/modules/pending/discord_krisp-1.zip: 62%
2024-01-01T03:59:25.006Z [Modules] Streaming discord_krisp@1 to /home/jesse/.config/discord/0.0.39/modules/pending/discord_krisp-1.zip: 63%
2024-01-01T03:59:25.010Z [Modules] Streaming discord_krisp@1 to /home/jesse/.config/discord/0.0.39/modules/pending/discord_krisp-1.zip: 64%
2024-01-01T03:59:25.027Z [Modules] Streaming discord_krisp@1 to /home/jesse/.config/discord/0.0.39/modules/pending/discord_krisp-1.zip: 65%
2024-01-01T03:59:25.043Z [Modules] Streaming discord_krisp@1 to /home/jesse/.config/discord/0.0.39/modules/pending/discord_krisp-1.zip: 66%
2024-01-01T03:59:25.056Z [Modules] Streaming discord_krisp@1 to /home/jesse/.config/discord/0.0.39/modules/pending/discord_krisp-1.zip: 67%
2024-01-01T03:59:25.067Z [Modules] Streaming discord_krisp@1 to /home/jesse/.config/discord/0.0.39/modules/pending/discord_krisp-1.zip: 68%
2024-01-01T03:59:25.077Z [Modules] Streaming discord_krisp@1 to /home/jesse/.config/discord/0.0.39/modules/pending/discord_krisp-1.zip: 69%
2024-01-01T03:59:25.081Z [Modules] Streaming discord_krisp@1 to /home/jesse/.config/discord/0.0.39/modules/pending/discord_krisp-1.zip: 70%
2024-01-01T03:59:25.104Z [Modules] Streaming discord_krisp@1 to /home/jesse/.config/discord/0.0.39/modules/pending/discord_krisp-1.zip: 71%
2024-01-01T03:59:25.136Z [Modules] Streaming discord_krisp@1 to /home/jesse/.config/discord/0.0.39/modules/pending/discord_krisp-1.zip: 72%
2024-01-01T03:59:25.154Z [Modules] Streaming discord_krisp@1 to /home/jesse/.config/discord/0.0.39/modules/pending/discord_krisp-1.zip: 73%
2024-01-01T03:59:25.162Z [Modules] Streaming discord_krisp@1 to /home/jesse/.config/discord/0.0.39/modules/pending/discord_krisp-1.zip: 74%
2024-01-01T03:59:25.174Z [Modules] Streaming discord_krisp@1 to /home/jesse/.config/discord/0.0.39/modules/pending/discord_krisp-1.zip: 75%
2024-01-01T03:59:25.187Z [Modules] Streaming discord_krisp@1 to /home/jesse/.config/discord/0.0.39/modules/pending/discord_krisp-1.zip: 76%
2024-01-01T03:59:25.204Z [Modules] Streaming discord_krisp@1 to /home/jesse/.config/discord/0.0.39/modules/pending/discord_krisp-1.zip: 77%
2024-01-01T03:59:25.226Z [Modules] Streaming discord_krisp@1 to /home/jesse/.config/discord/0.0.39/modules/pending/discord_krisp-1.zip: 78%
2024-01-01T03:59:25.316Z [Modules] Streaming discord_krisp@1 to /home/jesse/.config/discord/0.0.39/modules/pending/discord_krisp-1.zip: 79%
2024-01-01T03:59:25.330Z [Modules] Streaming discord_krisp@1 to /home/jesse/.config/discord/0.0.39/modules/pending/discord_krisp-1.zip: 80%
2024-01-01T03:59:25.335Z [Modules] Streaming discord_krisp@1 to /home/jesse/.config/discord/0.0.39/modules/pending/discord_krisp-1.zip: 81%
2024-01-01T03:59:25.400Z [Modules] Streaming discord_krisp@1 to /home/jesse/.config/discord/0.0.39/modules/pending/discord_krisp-1.zip: 82%
2024-01-01T03:59:25.414Z [Modules] Streaming discord_krisp@1 to /home/jesse/.config/discord/0.0.39/modules/pending/discord_krisp-1.zip: 83%
2024-01-01T03:59:25.444Z [Modules] Streaming discord_krisp@1 to /home/jesse/.config/discord/0.0.39/modules/pending/discord_krisp-1.zip: 84%
2024-01-01T03:59:25.448Z [Modules] Streaming discord_krisp@1 to /home/jesse/.config/discord/0.0.39/modules/pending/discord_krisp-1.zip: 85%
2024-01-01T03:59:25.452Z [Modules] Streaming discord_krisp@1 to /home/jesse/.config/discord/0.0.39/modules/pending/discord_krisp-1.zip: 86%
2024-01-01T03:59:25.454Z [Modules] Streaming discord_krisp@1 to /home/jesse/.config/discord/0.0.39/modules/pending/discord_krisp-1.zip: 87%
2024-01-01T03:59:25.458Z [Modules] Streaming discord_krisp@1 to /home/jesse/.config/discord/0.0.39/modules/pending/discord_krisp-1.zip: 88%
2024-01-01T03:59:25.484Z [Modules] Streaming discord_krisp@1 to /home/jesse/.config/discord/0.0.39/modules/pending/discord_krisp-1.zip: 89%
2024-01-01T03:59:25.486Z [Modules] Streaming discord_krisp@1 to /home/jesse/.config/discord/0.0.39/modules/pending/discord_krisp-1.zip: 90%
2024-01-01T03:59:25.492Z [Modules] Streaming discord_krisp@1 to /home/jesse/.config/discord/0.0.39/modules/pending/discord_krisp-1.zip: 91%
2024-01-01T03:59:25.494Z [Modules] Streaming discord_krisp@1 to /home/jesse/.config/discord/0.0.39/modules/pending/discord_krisp-1.zip: 92%
2024-01-01T03:59:25.503Z [Modules] Streaming discord_krisp@1 to /home/jesse/.config/discord/0.0.39/modules/pending/discord_krisp-1.zip: 93%
2024-01-01T03:59:25.572Z [Modules] Streaming discord_krisp@1 to /home/jesse/.config/discord/0.0.39/modules/pending/discord_krisp-1.zip: 94%
2024-01-01T03:59:25.585Z [Modules] Streaming discord_krisp@1 to /home/jesse/.config/discord/0.0.39/modules/pending/discord_krisp-1.zip: 95%
2024-01-01T03:59:25.588Z [Modules] Streaming discord_krisp@1 to /home/jesse/.config/discord/0.0.39/modules/pending/discord_krisp-1.zip: 96%
2024-01-01T03:59:25.592Z [Modules] Streaming discord_krisp@1 to /home/jesse/.config/discord/0.0.39/modules/pending/discord_krisp-1.zip: 97%
2024-01-01T03:59:25.602Z [Modules] Streaming discord_krisp@1 to /home/jesse/.config/discord/0.0.39/modules/pending/discord_krisp-1.zip: 98%
2024-01-01T03:59:25.627Z [Modules] Streaming discord_krisp@1 to /home/jesse/.config/discord/0.0.39/modules/pending/discord_krisp-1.zip: 99%
2024-01-01T03:59:25.631Z [Modules] Streaming discord_krisp@1 to /home/jesse/.config/discord/0.0.39/modules/pending/discord_krisp-1.zip: 100%
2024-01-01T03:59:25.637Z [Modules] Fetching discord_game_utils@1 from https://discord.com/api/modules/stable/discord_game_utils/1
2024-01-01T03:59:25.637Z [Modules] Streaming discord_game_utils@1 to /home/jesse/.config/discord/0.0.39/modules/pending/discord_game_utils-1.zip
2024-01-01T03:59:25.638Z [Modules] Installing discord_krisp@1 from /home/jesse/.config/discord/0.0.39/modules/pending/discord_krisp-1.zip
2024-01-01T03:59:25.809Z [Modules] Streaming discord_game_utils@1 to /home/jesse/.config/discord/0.0.39/modules/pending/discord_game_utils-1.zip: 2%
2024-01-01T03:59:25.810Z [Modules] Streaming discord_game_utils@1 to /home/jesse/.config/discord/0.0.39/modules/pending/discord_game_utils-1.zip: 3%
2024-01-01T03:59:25.825Z [Modules] Streaming discord_game_utils@1 to /home/jesse/.config/discord/0.0.39/modules/pending/discord_game_utils-1.zip: 5%
2024-01-01T03:59:25.825Z [Modules] Streaming discord_game_utils@1 to /home/jesse/.config/discord/0.0.39/modules/pending/discord_game_utils-1.zip: 6%
2024-01-01T03:59:25.846Z [Modules] Streaming discord_game_utils@1 to /home/jesse/.config/discord/0.0.39/modules/pending/discord_game_utils-1.zip: 9%
2024-01-01T03:59:25.846Z [Modules] Streaming discord_game_utils@1 to /home/jesse/.config/discord/0.0.39/modules/pending/discord_game_utils-1.zip: 12%
2024-01-01T03:59:25.851Z [Modules] Streaming discord_game_utils@1 to /home/jesse/.config/discord/0.0.39/modules/pending/discord_game_utils-1.zip: 14%
2024-01-01T03:59:25.852Z [Modules] Streaming discord_game_utils@1 to /home/jesse/.config/discord/0.0.39/modules/pending/discord_game_utils-1.zip: 19%
2024-01-01T03:59:25.868Z [Modules] Streaming discord_game_utils@1 to /home/jesse/.config/discord/0.0.39/modules/pending/discord_game_utils-1.zip: 22%
2024-01-01T03:59:25.868Z [Modules] Streaming discord_game_utils@1 to /home/jesse/.config/discord/0.0.39/modules/pending/discord_game_utils-1.zip: 26%
2024-01-01T03:59:25.878Z [Modules] Streaming discord_game_utils@1 to /home/jesse/.config/discord/0.0.39/modules/pending/discord_game_utils-1.zip: 29%
2024-01-01T03:59:25.879Z [Modules] Streaming discord_game_utils@1 to /home/jesse/.config/discord/0.0.39/modules/pending/discord_game_utils-1.zip: 33%
2024-01-01T03:59:25.886Z [Modules] Streaming discord_game_utils@1 to /home/jesse/.config/discord/0.0.39/modules/pending/discord_game_utils-1.zip: 36%
2024-01-01T03:59:25.887Z [Modules] Streaming discord_game_utils@1 to /home/jesse/.config/discord/0.0.39/modules/pending/discord_game_utils-1.zip: 39%
2024-01-01T03:59:25.887Z [Modules] Streaming discord_game_utils@1 to /home/jesse/.config/discord/0.0.39/modules/pending/discord_game_utils-1.zip: 40%
2024-01-01T03:59:25.891Z [Modules] Streaming discord_game_utils@1 to /home/jesse/.config/discord/0.0.39/modules/pending/discord_game_utils-1.zip: 42%
2024-01-01T03:59:25.916Z [Modules] Streaming discord_game_utils@1 to /home/jesse/.config/discord/0.0.39/modules/pending/discord_game_utils-1.zip: 44%
2024-01-01T03:59:25.917Z [Modules] Streaming discord_game_utils@1 to /home/jesse/.config/discord/0.0.39/modules/pending/discord_game_utils-1.zip: 45%
2024-01-01T03:59:25.917Z [Modules] Streaming discord_game_utils@1 to /home/jesse/.config/discord/0.0.39/modules/pending/discord_game_utils-1.zip: 49%
2024-01-01T03:59:25.922Z [Modules] Streaming discord_game_utils@1 to /home/jesse/.config/discord/0.0.39/modules/pending/discord_game_utils-1.zip: 51%
2024-01-01T03:59:25.922Z [Modules] Streaming discord_game_utils@1 to /home/jesse/.config/discord/0.0.39/modules/pending/discord_game_utils-1.zip: 55%
2024-01-01T03:59:25.927Z [Modules] Streaming discord_game_utils@1 to /home/jesse/.config/discord/0.0.39/modules/pending/discord_game_utils-1.zip: 58%
2024-01-01T03:59:25.927Z [Modules] Streaming discord_game_utils@1 to /home/jesse/.config/discord/0.0.39/modules/pending/discord_game_utils-1.zip: 61%
2024-01-01T03:59:25.927Z [Modules] Streaming discord_game_utils@1 to /home/jesse/.config/discord/0.0.39/modules/pending/discord_game_utils-1.zip: 62%
2024-01-01T03:59:25.933Z [Modules] Streaming discord_game_utils@1 to /home/jesse/.config/discord/0.0.39/modules/pending/discord_game_utils-1.zip: 63%
2024-01-01T03:59:25.941Z [Modules] Streaming discord_game_utils@1 to /home/jesse/.config/discord/0.0.39/modules/pending/discord_game_utils-1.zip: 66%
2024-01-01T03:59:25.941Z [Modules] Streaming discord_game_utils@1 to /home/jesse/.config/discord/0.0.39/modules/pending/discord_game_utils-1.zip: 70%
2024-01-01T03:59:25.948Z [Modules] Streaming discord_game_utils@1 to /home/jesse/.config/discord/0.0.39/modules/pending/discord_game_utils-1.zip: 71%
2024-01-01T03:59:25.969Z [Modules] Streaming discord_game_utils@1 to /home/jesse/.config/discord/0.0.39/modules/pending/discord_game_utils-1.zip: 73%
2024-01-01T03:59:25.970Z [Modules] Streaming discord_game_utils@1 to /home/jesse/.config/discord/0.0.39/modules/pending/discord_game_utils-1.zip: 75%
2024-01-01T03:59:25.980Z [Modules] Streaming discord_game_utils@1 to /home/jesse/.config/discord/0.0.39/modules/pending/discord_game_utils-1.zip: 78%
2024-01-01T03:59:25.981Z [Modules] Streaming discord_game_utils@1 to /home/jesse/.config/discord/0.0.39/modules/pending/discord_game_utils-1.zip: 79%
2024-01-01T03:59:25.985Z [Modules] Streaming discord_game_utils@1 to /home/jesse/.config/discord/0.0.39/modules/pending/discord_game_utils-1.zip: 81%
2024-01-01T03:59:25.985Z [Modules] Streaming discord_game_utils@1 to /home/jesse/.config/discord/0.0.39/modules/pending/discord_game_utils-1.zip: 83%
2024-01-01T03:59:25.986Z [Modules] Streaming discord_game_utils@1 to /home/jesse/.config/discord/0.0.39/modules/pending/discord_game_utils-1.zip: 84%
2024-01-01T03:59:25.988Z [Modules] Streaming discord_game_utils@1 to /home/jesse/.config/discord/0.0.39/modules/pending/discord_game_utils-1.zip: 87%
2024-01-01T03:59:25.993Z [Modules] Streaming discord_game_utils@1 to /home/jesse/.config/discord/0.0.39/modules/pending/discord_game_utils-1.zip: 90%
2024-01-01T03:59:25.994Z [Modules] Streaming discord_game_utils@1 to /home/jesse/.config/discord/0.0.39/modules/pending/discord_game_utils-1.zip: 91%
2024-01-01T03:59:25.999Z [Modules] Streaming discord_game_utils@1 to /home/jesse/.config/discord/0.0.39/modules/pending/discord_game_utils-1.zip: 94%
2024-01-01T03:59:26.000Z [Modules] Streaming discord_game_utils@1 to /home/jesse/.config/discord/0.0.39/modules/pending/discord_game_utils-1.zip: 97%
2024-01-01T03:59:26.000Z [Modules] Streaming discord_game_utils@1 to /home/jesse/.config/discord/0.0.39/modules/pending/discord_game_utils-1.zip: 98%
2024-01-01T03:59:26.004Z [Modules] Streaming discord_game_utils@1 to /home/jesse/.config/discord/0.0.39/modules/pending/discord_game_utils-1.zip: 100%
2024-01-01T03:59:26.005Z [Modules] Finished module downloads. [success: 2] [failure: 0]
2024-01-01T03:59:26.279Z [Modules] Installing discord_game_utils@1 from /home/jesse/.config/discord/0.0.39/modules/pending/discord_game_utils-1.zip
2024-01-01T03:59:26.338Z [Modules] Finished module installations. [success: 2] [failure: 0]
2024-01-01T03:59:27.043Z [Modules] Checking for host updates.
2024-01-01T03:59:27.141Z [Modules] Host is up to date.
2024-01-01T03:59:27.141Z [Modules] Checking for module updates at https://discord.com/api/modules/stable/versions.json
2024-01-01T03:59:27.149Z [Modules] No module updates available.
2024-01-01T03:59:27.150Z [Modules] Starting to install discord_rpc...
2024-01-01T03:59:27.150Z [Modules] Fetching discord_rpc@1 from https://discord.com/api/modules/stable/discord_rpc/1
2024-01-01T03:59:27.150Z [Modules] Streaming discord_rpc@1 to /home/jesse/.config/discord/0.0.39/modules/pending/discord_rpc-1.zip
2024-01-01T03:59:27.315Z [Modules] Streaming discord_rpc@1 to /home/jesse/.config/discord/0.0.39/modules/pending/discord_rpc-1.zip: 75%
2024-01-01T03:59:27.318Z [Modules] Streaming discord_rpc@1 to /home/jesse/.config/discord/0.0.39/modules/pending/discord_rpc-1.zip: 100%
2024-01-01T03:59:27.319Z [Modules] Finished module downloads. [success: 1] [failure: 0]
2024-01-01T03:59:27.319Z [Modules] Installing discord_rpc@1 from /home/jesse/.config/discord/0.0.39/modules/pending/discord_rpc-1.zip
2024-01-01T03:59:27.337Z [Modules] Finished module installations. [success: 1] [failure: 0]
2024-01-01T20:21:42.363Z [Modules] Checking for host updates.
2024-01-01T20:21:42.599Z [Modules] Host is up to date.
2024-01-01T20:21:42.599Z [Modules] Checking for module updates at https://discord.com/api/modules/stable/versions.json
2024-01-01T20:21:42.645Z [Modules] No module updates available.
2024-01-01T23:03:45.426Z [Modules] Checking for host updates.
2024-01-01T23:03:45.562Z [Modules] Host is up to date.
2024-01-01T23:03:45.562Z [Modules] Checking for module updates at https://discord.com/api/modules/stable/versions.json
2024-01-01T23:03:45.609Z [Modules] No module updates available.
2024-01-02T00:03:45.426Z [Modules] Checking for host updates.
2024-01-02T00:03:45.566Z [Modules] Host is up to date.
2024-01-02T00:03:45.567Z [Modules] Checking for module updates at https://discord.com/api/modules/stable/versions.json
2024-01-02T00:03:45.616Z [Modules] No module updates available.
2024-01-02T01:03:45.426Z [Modules] Checking for host updates.
2024-01-02T01:03:45.556Z [Modules] Host is up to date.
2024-01-02T01:03:45.557Z [Modules] Checking for module updates at https://discord.com/api/modules/stable/versions.json
2024-01-02T01:03:45.604Z [Modules] No module updates available.
2024-01-02T02:03:45.426Z [Modules] Checking for host updates.
2024-01-02T02:03:45.582Z [Modules] Host is up to date.
2024-01-02T02:03:45.583Z [Modules] Checking for module updates at https://discord.com/api/modules/stable/versions.json
2024-01-02T02:03:45.652Z [Modules] No module updates available.
2024-01-02T03:04:45.398Z [Modules] Checking for host updates.
2024-01-02T03:04:45.580Z [Modules] Host is up to date.
2024-01-02T03:04:45.580Z [Modules] Checking for module updates at https://discord.com/api/modules/stable/versions.json
2024-01-02T03:04:45.622Z [Modules] No module updates available.
